<?xml version="1.0" encoding="UTF-8"?>
<coverage generated="1610751810432" clover="3.2.0">
  <project timestamp="1610751810432" name="All files">
    <metrics statements="52" coveredstatements="49" conditionals="18" coveredconditionals="11" methods="15" coveredmethods="13" elements="85" coveredelements="73" complexity="0" loc="52" ncloc="52" packages="1" files="4" classes="4"/>
    <file name="App.js" path="/home/den/Documents/registry-form/src/App.js">
      <metrics statements="2" coveredstatements="2" conditionals="0" coveredconditionals="0" methods="1" coveredmethods="1"/>
      <line num="4" count="1" type="stmt"/>
      <line num="5" count="3" type="stmt"/>
    </file>
    <file name="RegistryForm.jsx" path="/home/den/Documents/registry-form/src/RegistryForm.jsx">
      <metrics statements="47" coveredstatements="45" conditionals="18" coveredconditionals="11" methods="13" coveredmethods="11"/>
      <line num="7" count="1" type="cond" truecount="0" falsecount="1"/>
      <line num="8" count="41" type="cond" truecount="2" falsecount="0"/>
      <line num="9" count="3" type="stmt"/>
      <line num="10" count="3" type="cond" truecount="1" falsecount="1"/>
      <line num="11" count="3" type="stmt"/>
      <line num="12" count="3" type="stmt"/>
      <line num="14" count="38" type="stmt"/>
      <line num="15" count="38" type="stmt"/>
      <line num="16" count="38" type="stmt"/>
      <line num="17" count="38" type="cond" truecount="2" falsecount="0"/>
      <line num="21" count="1" type="cond" truecount="0" falsecount="1"/>
      <line num="22" count="2" type="stmt"/>
      <line num="23" count="2" type="stmt"/>
      <line num="24" count="2" type="cond" truecount="1" falsecount="1"/>
      <line num="25" count="0" type="stmt"/>
      <line num="26" count="0" type="stmt"/>
      <line num="28" count="2" type="stmt"/>
      <line num="29" count="2" type="stmt"/>
      <line num="30" count="2" type="stmt"/>
      <line num="31" count="2" type="stmt"/>
      <line num="32" count="2" type="stmt"/>
      <line num="33" count="2" type="stmt"/>
      <line num="34" count="2" type="stmt"/>
      <line num="38" count="1" type="stmt"/>
      <line num="42" count="3" type="stmt"/>
      <line num="43" count="3" type="stmt"/>
      <line num="53" count="3" type="stmt"/>
      <line num="54" count="3" type="stmt"/>
      <line num="55" count="3" type="stmt"/>
      <line num="56" count="3" type="stmt"/>
      <line num="57" count="3" type="stmt"/>
      <line num="58" count="1" type="stmt"/>
      <line num="59" count="1" type="stmt"/>
      <line num="60" count="1" type="stmt"/>
      <line num="61" count="1" type="stmt"/>
      <line num="62" count="1" type="stmt"/>
      <line num="63" count="1" type="stmt"/>
      <line num="67" count="2" type="stmt"/>
      <line num="68" count="2" type="cond" truecount="1" falsecount="1"/>
      <line num="69" count="2" type="cond" truecount="1" falsecount="1"/>
      <line num="73" count="86" type="stmt"/>
      <line num="74" count="38" type="stmt"/>
      <line num="75" count="38" type="stmt"/>
      <line num="76" count="38" type="stmt"/>
      <line num="80" count="43" type="stmt"/>
      <line num="81" count="43" type="stmt"/>
      <line num="82" count="43" type="stmt"/>
    </file>
    <file name="index.js" path="/home/den/Documents/registry-form/src/index.js">
      <metrics statements="1" coveredstatements="0" conditionals="0" coveredconditionals="0" methods="0" coveredmethods="0"/>
      <line num="6" count="0" type="stmt"/>
    </file>
    <file name="validator.js" path="/home/den/Documents/registry-form/src/validator.js">
      <metrics statements="2" coveredstatements="2" conditionals="0" coveredconditionals="0" methods="1" coveredmethods="1"/>
      <line num="4" count="3" type="stmt"/>
      <line num="8" count="3" type="stmt"/>
    </file>
  </project>
</coverage>
