{"/home/den/Documents/registry-form/src/App.js": {"path":"/home/den/Documents/registry-form/src/App.js","statementMap":{"0":{"start":{"line":4,"column":12},"end":{"line":8,"column":1}},"1":{"start":{"line":5,"column":2},"end":{"line":7,"column":5}}},"fnMap":{"0":{"name":"(anonymous_0)","decl":{"start":{"line":4,"column":12},"end":{"line":4,"column":13}},"loc":{"start":{"line":5,"column":2},"end":{"line":7,"column":5}},"line":5}},"branchMap":{},"s":{"0":1,"1":3},"f":{"0":3},"b":{},"_coverageSchema":"1a1c01bbd47fc00a2c39e90264f33305004495a9","hash":"9625b17e2a4b1e7255f745c277eedbab70d0643d"}
,"/home/den/Documents/registry-form/src/RegistryForm.jsx": {"path":"/home/den/Documents/registry-form/src/RegistryForm.jsx","statementMap":{"0":{"start":{"line":7,"column":21},"end":{"line":19,"column":1}},"1":{"start":{"line":8,"column":2},"end":{"line":18,"column":3}},"2":{"start":{"line":9,"column":27},"end":{"line":9,"column":78}},"3":{"start":{"line":10,"column":4},"end":{"line":10,"column":86}},"4":{"start":{"line":10,"column":24},"end":{"line":10,"column":86}},"5":{"start":{"line":10,"column":55},"end":{"line":10,"column":84}},"6":{"start":{"line":11,"column":27},"end":{"line":11,"column":60}},"7":{"start":{"line":12,"column":4},"end":{"line":12,"column":58}},"8":{"start":{"line":12,"column":45},"end":{"line":12,"column":56}},"9":{"start":{"line":14,"column":33},"end":{"line":14,"column":62}},"10":{"start":{"line":15,"column":4},"end":{"line":15,"column":52}},"11":{"start":{"line":16,"column":21},"end":{"line":16,"column":77}},"12":{"start":{"line":17,"column":4},"end":{"line":17,"column":36}},"13":{"start":{"line":17,"column":18},"end":{"line":17,"column":36}},"14":{"start":{"line":21,"column":16},"end":{"line":36,"column":1}},"15":{"start":{"line":22,"column":25},"end":{"line":22,"column":54}},"16":{"start":{"line":22,"column":34},"end":{"line":22,"column":54}},"17":{"start":{"line":23,"column":20},"end":{"line":23,"column":41}},"18":{"start":{"line":24,"column":2},"end":{"line":35,"column":3}},"19":{"start":{"line":25,"column":4},"end":{"line":25,"column":24}},"20":{"start":{"line":26,"column":4},"end":{"line":26,"column":26}},"21":{"start":{"line":28,"column":4},"end":{"line":28,"column":24}},"22":{"start":{"line":29,"column":24},"end":{"line":29,"column":58}},"23":{"start":{"line":30,"column":4},"end":{"line":30,"column":40}},"24":{"start":{"line":31,"column":21},"end":{"line":31,"column":50}},"25":{"start":{"line":32,"column":4},"end":{"line":32,"column":31}},"26":{"start":{"line":33,"column":4},"end":{"line":33,"column":33}},"27":{"start":{"line":34,"column":4},"end":{"line":34,"column":52}},"28":{"start":{"line":38,"column":17},"end":{"line":38,"column":68}},"29":{"start":{"line":38,"column":27},"end":{"line":38,"column":68}},"30":{"start":{"line":42,"column":4},"end":{"line":42,"column":17}},"31":{"start":{"line":43,"column":4},"end":{"line":50,"column":6}},"32":{"start":{"line":53,"column":15},"end":{"line":71,"column":3}},"33":{"start":{"line":54,"column":4},"end":{"line":54,"column":23}},"34":{"start":{"line":55,"column":21},"end":{"line":55,"column":31}},"35":{"start":{"line":56,"column":4},"end":{"line":70,"column":5}},"36":{"start":{"line":57,"column":6},"end":{"line":57,"column":27}},"37":{"start":{"line":58,"column":6},"end":{"line":58,"column":26}},"38":{"start":{"line":59,"column":6},"end":{"line":59,"column":43}},"39":{"start":{"line":60,"column":6},"end":{"line":65,"column":11}},"40":{"start":{"line":61,"column":4},"end":{"line":64,"column":6}},"41":{"start":{"line":62,"column":5},"end":{"line":62,"column":36}},"42":{"start":{"line":63,"column":5},"end":{"line":63,"column":80}},"43":{"start":{"line":67,"column":6},"end":{"line":67,"column":56}},"44":{"start":{"line":68,"column":6},"end":{"line":68,"column":73}},"45":{"start":{"line":68,"column":44},"end":{"line":68,"column":73}},"46":{"start":{"line":69,"column":6},"end":{"line":69,"column":78}},"47":{"start":{"line":69,"column":35},"end":{"line":69,"column":78}},"48":{"start":{"line":73,"column":17},"end":{"line":77,"column":3}},"49":{"start":{"line":73,"column":31},"end":{"line":77,"column":3}},"50":{"start":{"line":74,"column":21},"end":{"line":74,"column":31}},"51":{"start":{"line":75,"column":4},"end":{"line":75,"column":28}},"52":{"start":{"line":76,"column":4},"end":{"line":76,"column":67}},"53":{"start":{"line":80,"column":36},"end":{"line":80,"column":46}},"54":{"start":{"line":81,"column":22},"end":{"line":81,"column":42}},"55":{"start":{"line":82,"column":4},"end":{"line":115,"column":6}}},"fnMap":{"0":{"name":"(anonymous_0)","decl":{"start":{"line":7,"column":21},"end":{"line":7,"column":22}},"loc":{"start":{"line":7,"column":39},"end":{"line":19,"column":1}},"line":7},"1":{"name":"(anonymous_1)","decl":{"start":{"line":10,"column":47},"end":{"line":10,"column":48}},"loc":{"start":{"line":10,"column":55},"end":{"line":10,"column":84}},"line":10},"2":{"name":"(anonymous_2)","decl":{"start":{"line":12,"column":37},"end":{"line":12,"column":38}},"loc":{"start":{"line":12,"column":45},"end":{"line":12,"column":56}},"line":12},"3":{"name":"(anonymous_3)","decl":{"start":{"line":21,"column":16},"end":{"line":21,"column":17}},"loc":{"start":{"line":21,"column":38},"end":{"line":36,"column":1}},"line":21},"4":{"name":"(anonymous_4)","decl":{"start":{"line":22,"column":25},"end":{"line":22,"column":26}},"loc":{"start":{"line":22,"column":34},"end":{"line":22,"column":54}},"line":22},"5":{"name":"(anonymous_5)","decl":{"start":{"line":38,"column":17},"end":{"line":38,"column":18}},"loc":{"start":{"line":38,"column":27},"end":{"line":38,"column":68}},"line":38},"6":{"name":"(anonymous_6)","decl":{"start":{"line":41,"column":2},"end":{"line":41,"column":3}},"loc":{"start":{"line":41,"column":21},"end":{"line":51,"column":3}},"line":41},"7":{"name":"(anonymous_7)","decl":{"start":{"line":53,"column":15},"end":{"line":53,"column":16}},"loc":{"start":{"line":53,"column":28},"end":{"line":71,"column":3}},"line":53},"8":{"name":"(anonymous_8)","decl":{"start":{"line":60,"column":17},"end":{"line":60,"column":18}},"loc":{"start":{"line":60,"column":23},"end":{"line":65,"column":4}},"line":60},"9":{"name":"(anonymous_9)","decl":{"start":{"line":61,"column":24},"end":{"line":61,"column":25}},"loc":{"start":{"line":61,"column":33},"end":{"line":64,"column":5}},"line":61},"10":{"name":"(anonymous_10)","decl":{"start":{"line":73,"column":17},"end":{"line":73,"column":18}},"loc":{"start":{"line":73,"column":31},"end":{"line":77,"column":3}},"line":73},"11":{"name":"(anonymous_11)","decl":{"start":{"line":73,"column":31},"end":{"line":73,"column":32}},"loc":{"start":{"line":73,"column":47},"end":{"line":77,"column":3}},"line":73},"12":{"name":"(anonymous_12)","decl":{"start":{"line":79,"column":2},"end":{"line":79,"column":3}},"loc":{"start":{"line":79,"column":11},"end":{"line":116,"column":3}},"line":79}},"branchMap":{"0":{"loc":{"start":{"line":7,"column":22},"end":{"line":7,"column":34}},"type":"default-arg","locations":[{"start":{"line":7,"column":29},"end":{"line":7,"column":34}}],"line":7},"1":{"loc":{"start":{"line":8,"column":2},"end":{"line":18,"column":3}},"type":"if","locations":[{"start":{"line":8,"column":2},"end":{"line":18,"column":3}},{"start":{"line":8,"column":2},"end":{"line":18,"column":3}}],"line":8},"2":{"loc":{"start":{"line":10,"column":4},"end":{"line":10,"column":86}},"type":"if","locations":[{"start":{"line":10,"column":4},"end":{"line":10,"column":86}},{"start":{"line":10,"column":4},"end":{"line":10,"column":86}}],"line":10},"3":{"loc":{"start":{"line":17,"column":4},"end":{"line":17,"column":36}},"type":"if","locations":[{"start":{"line":17,"column":4},"end":{"line":17,"column":36}},{"start":{"line":17,"column":4},"end":{"line":17,"column":36}}],"line":17},"4":{"loc":{"start":{"line":21,"column":21},"end":{"line":21,"column":33}},"type":"default-arg","locations":[{"start":{"line":21,"column":29},"end":{"line":21,"column":33}}],"line":21},"5":{"loc":{"start":{"line":24,"column":2},"end":{"line":35,"column":3}},"type":"if","locations":[{"start":{"line":24,"column":2},"end":{"line":35,"column":3}},{"start":{"line":24,"column":2},"end":{"line":35,"column":3}}],"line":24},"6":{"loc":{"start":{"line":68,"column":6},"end":{"line":68,"column":73}},"type":"if","locations":[{"start":{"line":68,"column":6},"end":{"line":68,"column":73}},{"start":{"line":68,"column":6},"end":{"line":68,"column":73}}],"line":68},"7":{"loc":{"start":{"line":69,"column":6},"end":{"line":69,"column":78}},"type":"if","locations":[{"start":{"line":69,"column":6},"end":{"line":69,"column":78}},{"start":{"line":69,"column":6},"end":{"line":69,"column":78}}],"line":69},"8":{"loc":{"start":{"line":85,"column":11},"end":{"line":85,"column":71}},"type":"binary-expr","locations":[{"start":{"line":85,"column":11},"end":{"line":85,"column":30}},{"start":{"line":85,"column":34},"end":{"line":85,"column":71}}],"line":85},"9":{"loc":{"start":{"line":86,"column":11},"end":{"line":86,"column":85}},"type":"binary-expr","locations":[{"start":{"line":86,"column":11},"end":{"line":86,"column":31}},{"start":{"line":86,"column":35},"end":{"line":86,"column":85}}],"line":86}},"s":{"0":1,"1":41,"2":3,"3":3,"4":3,"5":0,"6":3,"7":3,"8":0,"9":38,"10":38,"11":38,"12":38,"13":1,"14":1,"15":2,"16":2,"17":2,"18":2,"19":0,"20":0,"21":2,"22":2,"23":2,"24":2,"25":2,"26":2,"27":2,"28":1,"29":1,"30":3,"31":3,"32":3,"33":3,"34":3,"35":3,"36":3,"37":1,"38":1,"39":1,"40":1,"41":1,"42":1,"43":2,"44":2,"45":2,"46":2,"47":0,"48":3,"49":86,"50":38,"51":38,"52":38,"53":43,"54":43,"55":43},"f":{"0":41,"1":0,"2":0,"3":2,"4":2,"5":1,"6":3,"7":3,"8":1,"9":1,"10":86,"11":38,"12":43},"b":{"0":[0],"1":[3,38],"2":[3,0],"3":[1,37],"4":[0],"5":[0,2],"6":[2,0],"7":[0,2],"8":[43,0],"9":[43,1]},"_coverageSchema":"1a1c01bbd47fc00a2c39e90264f33305004495a9","hash":"c4528143107da76d914ee5c75933f0632daa5f14"}
,"/home/den/Documents/registry-form/src/index.js": {"path":"/home/den/Documents/registry-form/src/index.js","statementMap":{"0":{"start":{"line":6,"column":0},"end":{"line":11,"column":2}}},"fnMap":{},"branchMap":{},"s":{"0":0},"f":{},"b":{}}
,"/home/den/Documents/registry-form/src/validator.js": {"path":"/home/den/Documents/registry-form/src/validator.js","statementMap":{"0":{"start":{"line":4,"column":17},"end":{"line":7,"column":4}},"1":{"start":{"line":8,"column":2},"end":{"line":8,"column":31}}},"fnMap":{"0":{"name":"(anonymous_0)","decl":{"start":{"line":3,"column":15},"end":{"line":3,"column":16}},"loc":{"start":{"line":3,"column":25},"end":{"line":9,"column":1}},"line":3}},"branchMap":{},"s":{"0":3,"1":3},"f":{"0":3},"b":{},"_coverageSchema":"1a1c01bbd47fc00a2c39e90264f33305004495a9","hash":"a8609e1bf17897f3be1ae243546e7590cb10e6eb"}
}
