TN:
SF:src/App.js
FN:4,(anonymous_0)
FNF:1
FNH:1
FNDA:3,(anonymous_0)
DA:4,1
DA:5,3
LF:2
LH:2
BRF:0
BRH:0
end_of_record
TN:
SF:src/RegistryForm.jsx
FN:7,(anonymous_0)
FN:10,(anonymous_1)
FN:12,(anonymous_2)
FN:21,(anonymous_3)
FN:22,(anonymous_4)
FN:38,(anonymous_5)
FN:41,(anonymous_6)
FN:53,(anonymous_7)
FN:60,(anonymous_8)
FN:61,(anonymous_9)
FN:73,(anonymous_10)
FN:73,(anonymous_11)
FN:79,(anonymous_12)
FNF:13
FNH:11
FNDA:41,(anonymous_0)
FNDA:0,(anonymous_1)
FNDA:0,(anonymous_2)
FNDA:2,(anonymous_3)
FNDA:2,(anonymous_4)
FNDA:1,(anonymous_5)
FNDA:3,(anonymous_6)
FNDA:3,(anonymous_7)
FNDA:1,(anonymous_8)
FNDA:1,(anonymous_9)
FNDA:86,(anonymous_10)
FNDA:38,(anonymous_11)
FNDA:43,(anonymous_12)
DA:7,1
DA:8,41
DA:9,3
DA:10,3
DA:11,3
DA:12,3
DA:14,38
DA:15,38
DA:16,38
DA:17,38
DA:21,1
DA:22,2
DA:23,2
DA:24,2
DA:25,0
DA:26,0
DA:28,2
DA:29,2
DA:30,2
DA:31,2
DA:32,2
DA:33,2
DA:34,2
DA:38,1
DA:42,3
DA:43,3
DA:53,3
DA:54,3
DA:55,3
DA:56,3
DA:57,3
DA:58,1
DA:59,1
DA:60,1
DA:61,1
DA:62,1
DA:63,1
DA:67,2
DA:68,2
DA:69,2
DA:73,86
DA:74,38
DA:75,38
DA:76,38
DA:80,43
DA:81,43
DA:82,43
LF:47
LH:45
BRDA:7,0,0,0
BRDA:8,1,0,3
BRDA:8,1,1,38
BRDA:10,2,0,3
BRDA:10,2,1,0
BRDA:17,3,0,1
BRDA:17,3,1,37
BRDA:21,4,0,0
BRDA:24,5,0,0
BRDA:24,5,1,2
BRDA:68,6,0,2
BRDA:68,6,1,0
BRDA:69,7,0,0
BRDA:69,7,1,2
BRDA:85,8,0,43
BRDA:85,8,1,0
BRDA:86,9,0,43
BRDA:86,9,1,1
BRF:18
BRH:11
end_of_record
TN:
SF:src/index.js
FNF:0
FNH:0
DA:6,0
LF:1
LH:0
BRF:0
BRH:0
end_of_record
TN:
SF:src/validator.js
FN:3,(anonymous_0)
FNF:1
FNH:1
FNDA:3,(anonymous_0)
DA:4,3
DA:8,3
LF:2
LH:2
BRF:0
BRH:0
end_of_record
